Using pre-set license
Built from '2020.3/staging' branch; Version is '2020.3.13f1 (71691879b7f5) revision 7432472'; Using compiler version '192528614'; Build Type 'Release'
OS: 'Windows 10 Home; OS build 19042.1110; Version 2009; 64bit' Language: 'ja' Physical Memory: 32681 MB
BatchMode: 1, IsHumanControllingUs: 0, StartBugReporterOnCrash: 0, Is64bit: 1, IsPro: 0

 COMMAND LINE ARGUMENTS:
C:\Program Files\2020.3.13f1\Editor\Unity.exe
-adb2
-batchMode
-noUpm
-name
AssetImportWorker0
-projectPath
D:/Unity/OriginalGame3D1
-logFile
Logs/AssetImportWorker0.log
-srvPort
62097
Successfully changed project path to: D:/Unity/OriginalGame3D1
D:/Unity/OriginalGame3D1
Using Asset Import Pipeline V2.
Refreshing native plugins compatible for Editor in 24.13 ms, found 2 plugins.
Preloading 0 native plugins for Editor in 0.00 ms.
Initialize engine version: 2020.3.13f1 (71691879b7f5)
[Subsystems] Discovering subsystems at path C:/Program Files/2020.3.13f1/Editor/Data/Resources/UnitySubsystems
[Subsystems] Discovering subsystems at path D:/Unity/OriginalGame3D1/Assets
GfxDevice: creating device client; threaded=0
Direct3D:
    Version:  Direct3D 11.0 [level 11.1]
    Renderer: NVIDIA GeForce GTX 1650 (ID=0x1f82)
    Vendor:   
    VRAM:     3962 MB
    Driver:   27.21.14.5751
Initialize mono
Mono path[0] = 'C:/Program Files/2020.3.13f1/Editor/Data/Managed'
Mono path[1] = 'C:/Program Files/2020.3.13f1/Editor/Data/MonoBleedingEdge/lib/mono/unityjit'
Mono config path = 'C:/Program Files/2020.3.13f1/Editor/Data/MonoBleedingEdge/etc'
Using monoOptions --debugger-agent=transport=dt_socket,embedding=1,server=y,suspend=n,address=127.0.0.1:56532
Begin MonoManager ReloadAssembly
Registering precompiled unity dll's ...
Register platform support module: C:/Program Files/2020.3.13f1/Editor/Data/PlaybackEngines/WebGLSupport/UnityEditor.WebGL.Extensions.dll
Register platform support module: C:/Program Files/2020.3.13f1/Editor/Data/PlaybackEngines/WindowsStandaloneSupport/UnityEditor.WindowsStandalone.Extensions.dll
Registered in 0.002070 seconds.
Native extension for WindowsStandalone target not found
Native extension for WebGL target not found
Refreshing native plugins compatible for Editor in 24.02 ms, found 2 plugins.
Preloading 0 native plugins for Editor in 0.00 ms.
Mono: successfully reloaded assembly
- Completed reload, in  1.537 seconds
Platform modules already initialized, skipping
Registering precompiled user dll's ...
Registered in 0.001791 seconds.
Begin MonoManager ReloadAssembly
Native extension for WindowsStandalone target not found
Native extension for WebGL target not found
Refreshing native plugins compatible for Editor in 0.30 ms, found 2 plugins.
Preloading 0 native plugins for Editor in 0.00 ms.
Mono: successfully reloaded assembly
- Completed reload, in  0.769 seconds
Platform modules already initialized, skipping
========================================================================
Worker process is ready to serve import requests
Launched and connected shader compiler UnityShaderCompiler.exe after 0.04 seconds
Refreshing native plugins compatible for Editor in 0.39 ms, found 2 plugins.
Preloading 0 native plugins for Editor in 0.00 ms.
Unloading 1400 Unused Serialized files (Serialized files now loaded: 0)
System memory in use before: 64.9 MB.
System memory in use after: 65.0 MB.

Unloading 19 unused Assets to reduce memory usage. Loaded Objects now: 1832.
Total: 1.545200 ms (FindLiveObjects: 0.127700 ms CreateObjectMapping: 0.034200 ms MarkObjects: 1.324500 ms  DeleteObjects: 0.058100 ms)

AssetImportParameters requested are different than current active one (requested -> active):
  custom:framework-win-MediaFoundation: 216162199b28c13a410421893ffa2e32 -> 
  custom:video-decoder-ogg-theora: a1e56fd34408186e4bbccfd4996cb3dc -> 
  custom:container-muxer-webm: aa71ff27fc2769a1b78a27578f13a17b -> 
  custom:container-demuxer-webm: 4f35f7cbe854078d1ac9338744f61a02 -> 
  custom:container-demuxer-ogg: 62fdf1f143b41e24485cea50d1cbac27 -> 
  custom:video-encoder-webm-vp8: eb34c28f22e8b96e1ab97ce403110664 -> 
  custom:video-codec-MediaFoundation-h265: 746d11721c4dcdbdad8f713fa42b33f4 -> 
  custom:video-decoder-webm-vp8: 9c59270c3fd7afecdb556c50c9e8de78 -> 
  custom:audio-decoder-ogg-vorbis: bf7c407c2cedff20999df2af8eb42d56 -> 
  custom:audio-encoder-webm-vorbis: bf7c407c2cedff20999df2af8eb42d56 -> 
========================================================================
Received Import Request.
  path: Assets/Standard Assets
  artifactKey: Guid(b8920b42cc2918c48b07fd7615eb277a) Importer(815301076,1909f56bfc062723c751e8b465ee728b)
Start importing Assets/Standard Assets using Guid(b8920b42cc2918c48b07fd7615eb277a) Importer(815301076,1909f56bfc062723c751e8b465ee728b)  -> (artifact id: '571906b0b93b4cfca3846f57e4f75aa8') in 0.003577 seconds 
  Import took 0.005214 seconds .

========================================================================
Received Prepare
Registering precompiled user dll's ...
Registered in 0.001721 seconds.
Begin MonoManager ReloadAssembly
Native extension for WindowsStandalone target not found
Native extension for WebGL target not found
Refreshing native plugins compatible for Editor in 0.33 ms, found 2 plugins.
Preloading 0 native plugins for Editor in 0.00 ms.
Mono: successfully reloaded assembly
- Completed reload, in  0.724 seconds
Platform modules already initialized, skipping
Switching build target platform(19) subTarget(0) extendedPlatform(0) -> platform(9) subTarget(16777218) extendedPlatform(0)
Refreshing native plugins compatible for Editor in 0.34 ms, found 2 plugins.
Preloading 0 native plugins for Editor in 0.00 ms.
Unloading 1394 Unused Serialized files (Serialized files now loaded: 0)
System memory in use before: 64.8 MB.
System memory in use after: 64.9 MB.

Unloading 18 unused Assets to reduce memory usage. Loaded Objects now: 1831.
Total: 1.701800 ms (FindLiveObjects: 0.128000 ms CreateObjectMapping: 0.029800 ms MarkObjects: 1.481600 ms  DeleteObjects: 0.061700 ms)

AssetImportParameters requested are different than current active one (requested -> active):
  custom:framework-win-MediaFoundation: 216162199b28c13a410421893ffa2e32 -> 
  custom:video-decoder-ogg-theora: a1e56fd34408186e4bbccfd4996cb3dc -> 
  custom:container-muxer-webm: aa71ff27fc2769a1b78a27578f13a17b -> 
  custom:container-demuxer-webm: 4f35f7cbe854078d1ac9338744f61a02 -> 
  custom:container-demuxer-ogg: 62fdf1f143b41e24485cea50d1cbac27 -> 
  custom:video-encoder-webm-vp8: eb34c28f22e8b96e1ab97ce403110664 -> 
  custom:video-codec-MediaFoundation-h265: 746d11721c4dcdbdad8f713fa42b33f4 -> 
  custom:video-decoder-webm-vp8: 9c59270c3fd7afecdb556c50c9e8de78 -> 
  custom:graphics/normal-map-encoding: 01000000000000000000000000000000 -> 02000000000000000000000000000000
  custom:audio-decoder-ogg-vorbis: bf7c407c2cedff20999df2af8eb42d56 -> 
  custom:audio-encoder-webm-vorbis: bf7c407c2cedff20999df2af8eb42d56 -> 
========================================================================
Received Import Request.
  Time since last request: 7.055776 seconds.
  path: Assets/ToyBox
  artifactKey: Guid(5cf6bc82834fe6944be77ff08da6a6a4) Importer(815301076,1909f56bfc062723c751e8b465ee728b)
Start importing Assets/ToyBox using Guid(5cf6bc82834fe6944be77ff08da6a6a4) Importer(815301076,1909f56bfc062723c751e8b465ee728b)  -> (artifact id: 'd66508d9145ffa706111c899cd4e92f7') in 0.003425 seconds 
  Import took 0.005235 seconds .

========================================================================
Received Import Request.
  Time since last request: 0.004696 seconds.
  path: Assets/ToyBox
  artifactKey: Guid(5cf6bc82834fe6944be77ff08da6a6a4) Importer(815301076,1909f56bfc062723c751e8b465ee728b)
Start importing Assets/ToyBox using Guid(5cf6bc82834fe6944be77ff08da6a6a4) Importer(815301076,1909f56bfc062723c751e8b465ee728b)  -> (artifact id: 'd66508d9145ffa706111c899cd4e92f7') in 0.001170 seconds 
  Import took 0.002495 seconds .

========================================================================
Received Import Request.
  Time since last request: 75.218021 seconds.
  path: Assets/GrassRoadRace
  artifactKey: Guid(f404aea302fa19a40928dea2de26fc9d) Importer(815301076,1909f56bfc062723c751e8b465ee728b)
Start importing Assets/GrassRoadRace using Guid(f404aea302fa19a40928dea2de26fc9d) Importer(815301076,1909f56bfc062723c751e8b465ee728b)  -> (artifact id: '720bec72e7db159b5df07cb655673308') in 0.001742 seconds 
  Import took 0.003755 seconds .

========================================================================
Received Import Request.
  Time since last request: 0.004188 seconds.
  path: Assets/GrassRoadRace
  artifactKey: Guid(f404aea302fa19a40928dea2de26fc9d) Importer(815301076,1909f56bfc062723c751e8b465ee728b)
Start importing Assets/GrassRoadRace using Guid(f404aea302fa19a40928dea2de26fc9d) Importer(815301076,1909f56bfc062723c751e8b465ee728b)  -> (artifact id: '720bec72e7db159b5df07cb655673308') in 0.001322 seconds 
  Import took 0.003066 seconds .

========================================================================
Received Import Request.
  Time since last request: 0.114139 seconds.
  path: Assets/GrassRoadRace/Bridge_Large.FBX
  artifactKey: Guid(3a0e6d70e96768a43a00963d64e729cb) Importer(815301076,1909f56bfc062723c751e8b465ee728b)
Start importing Assets/GrassRoadRace/Bridge_Large.FBX using Guid(3a0e6d70e96768a43a00963d64e729cb) Importer(815301076,1909f56bfc062723c751e8b465ee728b)  -> (artifact id: 'e5b5f9bf31b7755dbaae298fc514dcc5') in 0.325201 seconds 
  Import took 0.327293 seconds .

========================================================================
Received Import Request.
  Time since last request: 0.000252 seconds.
  path: Assets/GrassRoadRace/GroundIsland.FBX
  artifactKey: Guid(a677dd29f5e3e5c47a30eb9dc6574030) Importer(815301076,1909f56bfc062723c751e8b465ee728b)
Start importing Assets/GrassRoadRace/GroundIsland.FBX using Guid(a677dd29f5e3e5c47a30eb9dc6574030) Importer(815301076,1909f56bfc062723c751e8b465ee728b)  -> (artifact id: '554c3da2c50e38ac55779ad1ee44c1e7') in 0.096780 seconds 
  Import took 0.098581 seconds .

========================================================================
Received Import Request.
  Time since last request: 0.000248 seconds.
  path: Assets/GrassRoadRace/Bridge_Small.FBX
  artifactKey: Guid(75d2f8822a94c3b43a2f2bab111c6ec0) Importer(815301076,1909f56bfc062723c751e8b465ee728b)
Start importing Assets/GrassRoadRace/Bridge_Small.FBX using Guid(75d2f8822a94c3b43a2f2bab111c6ec0) Importer(815301076,1909f56bfc062723c751e8b465ee728b)  -> (artifact id: 'cb8c2c641c614271db4eacf90abb77c0') in 0.031118 seconds 
  Import took 0.032895 seconds .

========================================================================
Received Import Request.
  Time since last request: 0.000247 seconds.
  path: Assets/GrassRoadRace/Ground02.FBX
  artifactKey: Guid(7cac1ba650135f14893a5028aaa086b9) Importer(815301076,1909f56bfc062723c751e8b465ee728b)
Start importing Assets/GrassRoadRace/Ground02.FBX using Guid(7cac1ba650135f14893a5028aaa086b9) Importer(815301076,1909f56bfc062723c751e8b465ee728b)  -> (artifact id: 'aff084321f7e396ca582669561cade03') in 0.037780 seconds 
  Import took 0.039570 seconds .

========================================================================
Received Import Request.
  Time since last request: 0.000250 seconds.
  path: Assets/GrassRoadRace/Hurdle01.FBX
  artifactKey: Guid(400ca6311d5459244a1af9dea192449c) Importer(815301076,1909f56bfc062723c751e8b465ee728b)
Start importing Assets/GrassRoadRace/Hurdle01.FBX using Guid(400ca6311d5459244a1af9dea192449c) Importer(815301076,1909f56bfc062723c751e8b465ee728b)  -> (artifact id: '054a803cf6544aab1a816afa180d1821') in 0.024554 seconds 
  Import took 0.026332 seconds .

========================================================================
Received Import Request.
  Time since last request: 0.000243 seconds.
  path: Assets/GrassRoadRace/Ground08.FBX
  artifactKey: Guid(5a28818c4e5738f4580c278a6406be60) Importer(815301076,1909f56bfc062723c751e8b465ee728b)
Start importing Assets/GrassRoadRace/Ground08.FBX using Guid(5a28818c4e5738f4580c278a6406be60) Importer(815301076,1909f56bfc062723c751e8b465ee728b)  -> (artifact id: '612b8df52b43bc412a1ede298ae6cd3f') in 0.042464 seconds 
  Import took 0.044215 seconds .

========================================================================
Received Import Request.
  Time since last request: 0.000246 seconds.
  path: Assets/GrassRoadRace/Grass.FBX
  artifactKey: Guid(3b038aa153bdcf548967d953f85b028d) Importer(815301076,1909f56bfc062723c751e8b465ee728b)
Start importing Assets/GrassRoadRace/Grass.FBX using Guid(3b038aa153bdcf548967d953f85b028d) Importer(815301076,1909f56bfc062723c751e8b465ee728b)  -> (artifact id: '5e2f31b563c27affb8b90e032f959e7e') in 0.010267 seconds 
  Import took 0.011962 seconds .

========================================================================
Received Import Request.
  Time since last request: 0.000270 seconds.
  path: Assets/GrassRoadRace/Ground06.FBX
  artifactKey: Guid(0b8405000675bcc4fb5e9670fc0bf25d) Importer(815301076,1909f56bfc062723c751e8b465ee728b)
Start importing Assets/GrassRoadRace/Ground06.FBX using Guid(0b8405000675bcc4fb5e9670fc0bf25d) Importer(815301076,1909f56bfc062723c751e8b465ee728b)  -> (artifact id: '20da9e61f114566806babf7b55c399d7') in 0.039219 seconds 
  Import took 0.041034 seconds .

========================================================================
Received Import Request.
  Time since last request: 0.000287 seconds.
  path: Assets/GrassRoadRace/Hurdle03.FBX
  artifactKey: Guid(ac3f35dfd68bd5f4a940da4eb3ffd43b) Importer(815301076,1909f56bfc062723c751e8b465ee728b)
Start importing Assets/GrassRoadRace/Hurdle03.FBX using Guid(ac3f35dfd68bd5f4a940da4eb3ffd43b) Importer(815301076,1909f56bfc062723c751e8b465ee728b)  -> (artifact id: '2ff3b0bdda01a80356d47d5296ad346b') in 0.026173 seconds 
  Import took 0.027931 seconds .

========================================================================
Received Import Request.
  Time since last request: 0.000236 seconds.
  path: Assets/GrassRoadRace/GroundBlock.FBX
  artifactKey: Guid(daa0d6c9362236f4fa00652c39c70cf9) Importer(815301076,1909f56bfc062723c751e8b465ee728b)
Start importing Assets/GrassRoadRace/GroundBlock.FBX using Guid(daa0d6c9362236f4fa00652c39c70cf9) Importer(815301076,1909f56bfc062723c751e8b465ee728b)  -> (artifact id: 'd17ede8ca1e1de322f89df912d63256c') in 0.031328 seconds 
  Import took 0.033048 seconds .

========================================================================
Received Import Request.
  Time since last request: 0.000264 seconds.
  path: Assets/GrassRoadRace/Ground01.FBX
  artifactKey: Guid(905e121def2d7f44fac07f3e9d083c00) Importer(815301076,1909f56bfc062723c751e8b465ee728b)
Start importing Assets/GrassRoadRace/Ground01.FBX using Guid(905e121def2d7f44fac07f3e9d083c00) Importer(815301076,1909f56bfc062723c751e8b465ee728b)  -> (artifact id: '319b645fcb31a5ac35826d74c50ef978') in 0.037154 seconds 
  Import took 0.038930 seconds .

========================================================================
Received Import Request.
  Time since last request: 0.000326 seconds.
  path: Assets/GrassRoadRace/Wave.FBX
  artifactKey: Guid(3279ffff6a1ad3d4c8fdb040401e0f30) Importer(815301076,1909f56bfc062723c751e8b465ee728b)
Start importing Assets/GrassRoadRace/Wave.FBX using Guid(3279ffff6a1ad3d4c8fdb040401e0f30) Importer(815301076,1909f56bfc062723c751e8b465ee728b)  -> (artifact id: '8dc30530a2b59d65e53cb618687a4187') in 0.016707 seconds 
  Import took 0.018545 seconds .

========================================================================
Received Import Request.
  Time since last request: 0.000255 seconds.
  path: Assets/GrassRoadRace/Ground03.FBX
  artifactKey: Guid(00feec2b5f6590f4aaf6ec2cccdec84e) Importer(815301076,1909f56bfc062723c751e8b465ee728b)
Start importing Assets/GrassRoadRace/Ground03.FBX using Guid(00feec2b5f6590f4aaf6ec2cccdec84e) Importer(815301076,1909f56bfc062723c751e8b465ee728b)  -> (artifact id: '28f196db53a992f9924f5bd8a4455cc0') in 0.039219 seconds 
  Import took 0.040960 seconds .

========================================================================
Received Import Request.
  Time since last request: 0.000274 seconds.
  path: Assets/GrassRoadRace/Ground05.FBX
  artifactKey: Guid(788478d93ec5f0042baf5da13e58054d) Importer(815301076,1909f56bfc062723c751e8b465ee728b)
Start importing Assets/GrassRoadRace/Ground05.FBX using Guid(788478d93ec5f0042baf5da13e58054d) Importer(815301076,1909f56bfc062723c751e8b465ee728b)  -> (artifact id: '81b2d6881eae867cb24c98bda77aa24a') in 0.036413 seconds 
  Import took 0.038270 seconds .

========================================================================
Received Import Request.
  Time since last request: 0.000252 seconds.
  path: Assets/GrassRoadRace/Ground07.FBX
  artifactKey: Guid(afe08c92887b2994a83a2bab682b5d64) Importer(815301076,1909f56bfc062723c751e8b465ee728b)
Start importing Assets/GrassRoadRace/Ground07.FBX using Guid(afe08c92887b2994a83a2bab682b5d64) Importer(815301076,1909f56bfc062723c751e8b465ee728b)  -> (artifact id: 'c845fd11b12e33df83425a9d30a50630') in 0.032701 seconds 
  Import took 0.034498 seconds .

========================================================================
Received Import Request.
  Time since last request: 0.000253 seconds.
  path: Assets/GrassRoadRace/Hurdle02.FBX
  artifactKey: Guid(59b81f3d4c0ea8a4a98445251826f03c) Importer(815301076,1909f56bfc062723c751e8b465ee728b)
Start importing Assets/GrassRoadRace/Hurdle02.FBX using Guid(59b81f3d4c0ea8a4a98445251826f03c) Importer(815301076,1909f56bfc062723c751e8b465ee728b)  -> (artifact id: 'c89933b594e73ca88d40589c7bc112d2') in 0.019496 seconds 
  Import took 0.021300 seconds .

========================================================================
Received Import Request.
  Time since last request: 0.000243 seconds.
  path: Assets/GrassRoadRace/Ground04.FBX
  artifactKey: Guid(49fd7d83a0655114abf7723fac67bb63) Importer(815301076,1909f56bfc062723c751e8b465ee728b)
Start importing Assets/GrassRoadRace/Ground04.FBX using Guid(49fd7d83a0655114abf7723fac67bb63) Importer(815301076,1909f56bfc062723c751e8b465ee728b)  -> (artifact id: '5d9b6b788ea0fc5acd24da0b81a7c52a') in 0.027805 seconds 
  Import took 0.029629 seconds .

========================================================================
Received Import Request.
  Time since last request: 0.000248 seconds.
  path: Assets/GrassRoadRace/PalmTree.FBX
  artifactKey: Guid(b90ff7e3d8926e44b8c08f957d58ecd0) Importer(815301076,1909f56bfc062723c751e8b465ee728b)
Start importing Assets/GrassRoadRace/PalmTree.FBX using Guid(b90ff7e3d8926e44b8c08f957d58ecd0) Importer(815301076,1909f56bfc062723c751e8b465ee728b)  -> (artifact id: '3f15fd40a6f12c06974e124ed8402944') in 0.008281 seconds 
  Import took 0.009977 seconds .

AssetImportWorkerClient::OnTransportError - code=2 error=End of file
